{"/Users/guilherme/Dev/react-tests/src/index.js": {"path":"/Users/guilherme/Dev/react-tests/src/index.js","statementMap":{"0":{"start":{"line":5,"column":0},"end":{"line":8,"column":1}}},"fnMap":{},"branchMap":{},"s":{"0":0},"f":{},"b":{}}
,"/Users/guilherme/Dev/react-tests/src/components/Counter/Counter.js": {"path":"/Users/guilherme/Dev/react-tests/src/components/Counter/Counter.js","statementMap":{"0":{"start":{"line":9,"column":30},"end":{"line":13,"column":3}},"1":{"start":{"line":10,"column":4},"end":{"line":12,"column":7}},"2":{"start":{"line":10,"column":32},"end":{"line":12,"column":5}},"3":{"start":{"line":20,"column":4},"end":{"line":34,"column":5}}},"fnMap":{"0":{"name":"(anonymous_0)","decl":{"start":{"line":9,"column":20},"end":{"line":9,"column":21}},"loc":{"start":{"line":9,"column":30},"end":{"line":13,"column":3}},"line":9},"1":{"name":"(anonymous_1)","decl":{"start":{"line":9,"column":30},"end":{"line":9,"column":31}},"loc":{"start":{"line":9,"column":36},"end":{"line":13,"column":3}},"line":9},"2":{"name":"(anonymous_2)","decl":{"start":{"line":10,"column":18},"end":{"line":10,"column":19}},"loc":{"start":{"line":10,"column":32},"end":{"line":12,"column":5}},"line":10},"3":{"name":"(anonymous_3)","decl":{"start":{"line":19,"column":2},"end":{"line":19,"column":3}},"loc":{"start":{"line":19,"column":11},"end":{"line":35,"column":3}},"line":19}},"branchMap":{},"s":{"0":8,"1":2,"2":2,"3":6},"f":{"0":8,"1":2,"2":2,"3":6},"b":{},"_coverageSchema":"43e27e138ebf9cfc5966b082cf9a028302ed4184","hash":"07c4f7dbfa2df79c66ed0f5a911ce600e3400cbd"}
,"/Users/guilherme/Dev/react-tests/src/components/Counter/counter.styled.js": {"path":"/Users/guilherme/Dev/react-tests/src/components/Counter/counter.styled.js","statementMap":{"0":{"start":{"line":3,"column":18},"end":{"line":5,"column":1}},"1":{"start":{"line":6,"column":0},"end":{"line":6,"column":35}}},"fnMap":{},"branchMap":{},"s":{"0":1,"1":1},"f":{},"b":{},"_coverageSchema":"43e27e138ebf9cfc5966b082cf9a028302ed4184","hash":"2a3507f6d9e0461b4f998de60e2dabb569e0ea3b"}
,"/Users/guilherme/Dev/react-tests/src/components/Counter/index.js": {"path":"/Users/guilherme/Dev/react-tests/src/components/Counter/index.js","statementMap":{},"fnMap":{},"branchMap":{},"s":{},"f":{},"b":{}}
,"/Users/guilherme/Dev/react-tests/src/components/Home/Home.js": {"path":"/Users/guilherme/Dev/react-tests/src/components/Home/Home.js","statementMap":{"0":{"start":{"line":6,"column":4},"end":{"line":10,"column":5}}},"fnMap":{"0":{"name":"(anonymous_0)","decl":{"start":{"line":5,"column":2},"end":{"line":5,"column":3}},"loc":{"start":{"line":5,"column":11},"end":{"line":11,"column":3}},"line":5}},"branchMap":{},"s":{"0":0},"f":{"0":0},"b":{}}
,"/Users/guilherme/Dev/react-tests/src/components/Home/index.js": {"path":"/Users/guilherme/Dev/react-tests/src/components/Home/index.js","statementMap":{},"fnMap":{},"branchMap":{},"s":{},"f":{},"b":{}}
}
