TN:
SF:/Users/guilherme/Dev/react-tests/src/index.js
FNF:0
FNH:0
DA:5,0
LF:1
LH:0
BRF:0
BRH:0
end_of_record
TN:
SF:/Users/guilherme/Dev/react-tests/src/components/Counter/Counter.js
FN:9,(anonymous_0)
FN:9,(anonymous_1)
FN:10,(anonymous_2)
FN:19,(anonymous_3)
FNF:4
FNH:4
FNDA:8,(anonymous_0)
FNDA:2,(anonymous_1)
FNDA:2,(anonymous_2)
FNDA:6,(anonymous_3)
DA:9,8
DA:10,2
DA:20,6
LF:3
LH:3
BRF:0
BRH:0
end_of_record
TN:
SF:/Users/guilherme/Dev/react-tests/src/components/Counter/counter.styled.js
FNF:0
FNH:0
DA:3,1
DA:6,1
LF:2
LH:2
BRF:0
BRH:0
end_of_record
TN:
SF:/Users/guilherme/Dev/react-tests/src/components/Counter/index.js
FNF:0
FNH:0
LF:0
LH:0
BRF:0
BRH:0
end_of_record
TN:
SF:/Users/guilherme/Dev/react-tests/src/components/Home/Home.js
FN:5,(anonymous_0)
FNF:1
FNH:0
FNDA:0,(anonymous_0)
DA:6,0
LF:1
LH:0
BRF:0
BRH:0
end_of_record
TN:
SF:/Users/guilherme/Dev/react-tests/src/components/Home/index.js
FNF:0
FNH:0
LF:0
LH:0
BRF:0
BRH:0
end_of_record
